<?xml version="1.0" encoding="UTF-8"?>
<testng-results skipped="0" failed="0" ignored="2" total="3" passed="1">
  <reporter-output>
  </reporter-output>
  <suite name="Default suite" duration-ms="44306" started-at="2019-09-04T03:58:38Z" finished-at="2019-09-04T03:59:22Z">
    <groups>
    </groups>
    <test name="Default test" duration-ms="44306" started-at="2019-09-04T03:58:38Z" finished-at="2019-09-04T03:59:22Z">
      <class name="feature.SmokeTest">
        <test-method status="PASS" signature="setUp()[pri:0, instance:feature.SmokeTest@57baeedf]" name="setUp" is-config="true" duration-ms="4970" started-at="2019-09-04T03:58:38Z" finished-at="2019-09-04T03:58:43Z">
          <reporter-output>
          </reporter-output>
        </test-method> <!-- setUp -->
        <test-method status="PASS" signature="checkForBrokenLinks()[pri:0, instance:feature.SmokeTest@57baeedf]" name="checkForBrokenLinks" duration-ms="38326" started-at="2019-09-04T03:58:43Z" finished-at="2019-09-04T03:59:21Z">
          <reporter-output>
          </reporter-output>
        </test-method> <!-- checkForBrokenLinks -->
        <test-method status="PASS" signature="cleanUp()[pri:0, instance:feature.SmokeTest@57baeedf]" name="cleanUp" is-config="true" duration-ms="960" started-at="2019-09-04T03:59:21Z" finished-at="2019-09-04T03:59:22Z">
          <reporter-output>
          </reporter-output>
        </test-method> <!-- cleanUp -->
      </class> <!-- feature.SmokeTest -->
    </test> <!-- Default test -->
  </suite> <!-- Default suite -->
</testng-results>
