<?xml version="1.0" encoding="UTF-8"?>
<testng-results skipped="0" failed="0" ignored="0" total="1" passed="1">
  <reporter-output>
  </reporter-output>
  <suite name="Default suite" duration-ms="11463" started-at="2019-09-01T14:12:45Z" finished-at="2019-09-01T14:12:57Z">
    <groups>
    </groups>
    <test name="Default test" duration-ms="11463" started-at="2019-09-01T14:12:45Z" finished-at="2019-09-01T14:12:57Z">
      <class name="feature.SmokeTest">
        <test-method status="PASS" signature="setUp()[pri:0, instance:feature.SmokeTest@7d9d1a19]" name="setUp" is-config="true" duration-ms="6765" started-at="2019-09-01T14:12:45Z" finished-at="2019-09-01T14:12:52Z">
          <reporter-output>
          </reporter-output>
        </test-method> <!-- setUp -->
        <test-method status="PASS" signature="verifyWebsiteIsLive()[pri:0, instance:feature.SmokeTest@7d9d1a19]" name="verifyWebsiteIsLive" duration-ms="3708" started-at="2019-09-01T14:12:52Z" finished-at="2019-09-01T14:12:56Z">
          <reporter-output>
          </reporter-output>
        </test-method> <!-- verifyWebsiteIsLive -->
        <test-method status="PASS" signature="cleanUp()[pri:0, instance:feature.SmokeTest@7d9d1a19]" name="cleanUp" is-config="true" duration-ms="914" started-at="2019-09-01T14:12:56Z" finished-at="2019-09-01T14:12:57Z">
          <reporter-output>
          </reporter-output>
        </test-method> <!-- cleanUp -->
      </class> <!-- feature.SmokeTest -->
    </test> <!-- Default test -->
  </suite> <!-- Default suite -->
</testng-results>
