<?xml version="1.0" encoding="UTF-8"?>
<!-- Generated by org.testng.reporters.JUnitXMLReporter -->
<testsuite hostname="Srinivas-VAIO" ignored="2" name="Default test" tests="1" failures="0" timestamp="04 Sep 2019 03:59:22 GMT" time="44.306" errors="0">
  <testcase name="checkForBrokenLinks" time="38.326" classname="feature.SmokeTest"/>
  <testcase name="verifyWebsiteIsLive" time="0.0" classname="feature.SmokeTest">
    <ignored/>
  </testcase> <!-- verifyWebsiteIsLive -->
  <testcase name="verifyAboutUsSession" time="0.0" classname="feature.SmokeTest">
    <ignored/>
  </testcase> <!-- verifyAboutUsSession -->
</testsuite> <!-- Default test -->
